<?xml version="1.0" encoding="UTF-8"?>
<!-- Generated by org.testng.reporters.JUnitReportReporter -->
<testsuite hostname="DESKTOP-92VC8VV" failures="0" tests="2" name="sunny.bd.automationexam.IdLocatorExam" time="15.513" errors="0" timestamp="2022-12-16T22:14:33 BDT" skipped="0">
  <testcase classname="sunny.bd.automationexam.IdLocatorExam" name="startWebsite" time="4.698"/>
  <system-out/>
  <testcase classname="sunny.bd.automationexam.IdLocatorExam" name="formId" time="10.815"/>
  <system-out/>
</testsuite> <!-- sunny.bd.automationexam.IdLocatorExam -->
