<?xml version="1.0" encoding="UTF-8"?>
<!-- Generated by org.testng.reporters.JUnitReportReporter -->
<testsuite hostname="DESKTOP-92VC8VV" failures="0" tests="2" name="sunny.bd.automationexam.SelectNorway" time="14.788" errors="0" timestamp="2022-12-16T23:55:18 BDT" skipped="0">
  <testcase classname="sunny.bd.automationexam.SelectNorway" name="startWebsite" time="10.181"/>
  <system-out/>
  <testcase classname="sunny.bd.automationexam.SelectNorway" name="Norway" time="4.607"/>
  <system-out/>
</testsuite> <!-- sunny.bd.automationexam.SelectNorway -->
