<?xml version="1.0" encoding="UTF-8"?>
<!-- Generated by org.testng.reporters.JUnitReportReporter -->
<testsuite hostname="DESKTOP-92VC8VV" failures="0" tests="2" name="sunny.bd.automationexam.IdLocatorExam" time="29.610" errors="0" timestamp="2022-12-16T23:53:51 BDT" skipped="0">
  <testcase classname="sunny.bd.automationexam.IdLocatorExam" name="startWebsite" time="13.584"/>
  <system-out/>
  <testcase classname="sunny.bd.automationexam.IdLocatorExam" name="formId" time="16.026"/>
  <system-out/>
</testsuite> <!-- sunny.bd.automationexam.IdLocatorExam -->
