<?xml version="1.0" encoding="UTF-8"?>
<!-- Generated by org.testng.reporters.JUnitReportReporter -->
<testsuite hostname="DESKTOP-92VC8VV" failures="0" tests="2" name="sunny.bd.automationexam.Hover" time="28.996" errors="0" timestamp="2022-12-16T23:59:41 BDT" skipped="0">
  <testcase classname="sunny.bd.automationexam.Hover" name="startWebsite" time="13.442"/>
  <system-out/>
  <testcase classname="sunny.bd.automationexam.Hover" name="hover" time="15.554"/>
  <system-out/>
</testsuite> <!-- sunny.bd.automationexam.Hover -->
