<?xml version="1.0" encoding="UTF-8"?>
<!-- Generated by org.testng.reporters.JUnitReportReporter -->
<testsuite hostname="DESKTOP-92VC8VV" failures="0" tests="2" name="sunny.bd.automationexam.Alert" time="29.975" errors="0" timestamp="2022-12-16T23:58:53 BDT" skipped="0">
  <testcase classname="sunny.bd.automationexam.Alert" name="startWebsite" time="7.197"/>
  <system-out/>
  <testcase classname="sunny.bd.automationexam.Alert" name="alert" time="22.778"/>
  <system-out/>
</testsuite> <!-- sunny.bd.automationexam.Alert -->
