<?xml version="1.0" encoding="UTF-8"?>
<!-- Generated by org.testng.reporters.JUnitReportReporter -->
<testsuite hostname="DESKTOP-92VC8VV" failures="0" tests="2" name="sunny.bd.automationexam.CheckBox" time="22.587" errors="0" timestamp="2022-12-16T23:58:07 BDT" skipped="0">
  <testcase classname="sunny.bd.automationexam.CheckBox" name="startWebsite" time="11.195"/>
  <system-out/>
  <testcase classname="sunny.bd.automationexam.CheckBox" name="checkbox" time="11.392"/>
  <system-out/>
</testsuite> <!-- sunny.bd.automationexam.CheckBox -->
